<?xml version="1.0" encoding="UTF-8"?>
<!-- Generated by org.testng.reporters.JUnitReportReporter -->
<testsuite skipped="0" hostname="SHRXBA" name="com.lti.testdemo.LoginAppTest" tests="2" failures="0" timestamp="13 Oct 2021 05:25:49 GMT" time="0.013" errors="0">
  <testcase name="loginTest2" time="0.002" classname="com.lti.testdemo.LoginAppTest"/>
  <testcase name="loginTest" time="0.011" classname="com.lti.testdemo.LoginAppTest"/>
</testsuite> <!-- com.lti.testdemo.LoginAppTest -->
