<?xml version="1.0" encoding="UTF-8"?>
<!-- Generated by org.testng.reporters.JUnitReportReporter -->
<testsuite skipped="0" hostname="SHRXBA" name="com.lti.testdemo.NumberComparision" tests="1" failures="0" timestamp="13 Oct 2021 07:14:31 GMT" time="0.008" errors="0">
  <testcase name="intComparision" time="0.008" classname="com.lti.testdemo.NumberComparision"/>
</testsuite> <!-- com.lti.testdemo.NumberComparision -->
