<?xml version="1.0" encoding="UTF-8"?>
<!-- Generated by org.testng.reporters.JUnitReportReporter -->
<testsuite hostname="SHRXBA" failures="0" tests="2" name="com.lti.testdemo.LoginAppTest" time="0.012" errors="0" timestamp="13 Oct 2021 09:32:43 GMT" skipped="0">
  <testcase classname="com.lti.testdemo.LoginAppTest" name="loginTest" time="0.012"/>
  <testcase classname="com.lti.testdemo.LoginAppTest" name="loginTest2" time="0.000"/>
</testsuite> <!-- com.lti.testdemo.LoginAppTest -->
